<b>6.1.3  SINGLE DOMAIN SSL 0 - https://shefeekniyas.com</b>
Domain covered:
["shefeekniyas.com"]

[12-06-2023 22:33:56] :
No account found, attempting to create account.

[12-06-2023 22:33:57] :
LEClient finished constructing

[12-06-2023 22:33:57] :
No order found for 'shefeekniyas.com'. Creating new order.

[12-06-2023 22:33:57] :
Created order for 'shefeekniyas.com'.

Offering manual verification procedure. 


https://dns.google.com/resolve?name=_acme-challenge.shefeekniyas.com&amp;type=TXT should return Ore1GiTkxilT14tEZt9KmXu6A5q8xbjuZvSjSdR4GzY -&gt; No records found yet


https://dns.google.com/resolve?name=_acme-challenge.shefeekniyas.com&amp;type=TXT should return Ore1GiTkxilT14tEZt9KmXu6A5q8xbjuZvSjSdR4GzY -&gt; No records found yet


https://dns.google.com/resolve?name=_acme-challenge.shefeekniyas.com&amp;type=TXT should return Ore1GiTkxilT14tEZt9KmXu6A5q8xbjuZvSjSdR4GzY -&gt; No records found yet


https://dns.google.com/resolve?name=_acme-challenge.shefeekniyas.com&amp;type=TXT should return Ore1GiTkxilT14tEZt9KmXu6A5q8xbjuZvSjSdR4GzY -&gt; No records found yet


https://dns.google.com/resolve?name=_acme-challenge.shefeekniyas.com&amp;type=TXT should return Ore1GiTkxilT14tEZt9KmXu6A5q8xbjuZvSjSdR4GzY -&gt; No records found yet


https://dns.google.com/resolve?name=_acme-challenge.shefeekniyas.com&amp;type=TXT should return Ore1GiTkxilT14tEZt9KmXu6A5q8xbjuZvSjSdR4GzY -&gt; No records found yet


https://dns.google.com/resolve?name=_acme-challenge.shefeekniyas.com&amp;type=TXT should return Ore1GiTkxilT14tEZt9KmXu6A5q8xbjuZvSjSdR4GzY -&gt; No records found yet


https://dns.google.com/resolve?name=_acme-challenge.shefeekniyas.com&amp;type=TXT should return Ore1GiTkxilT14tEZt9KmXu6A5q8xbjuZvSjSdR4GzY -&gt; No records found yet


https://dns.google.com/resolve?name=_acme-challenge.shefeekniyas.com&amp;type=TXT should return Ore1GiTkxilT14tEZt9KmXu6A5q8xbjuZvSjSdR4GzY -&gt; No records found yet


https://dns.google.com/resolve?name=_acme-challenge.shefeekniyas.com&amp;type=TXT should return Ore1GiTkxilT14tEZt9KmXu6A5q8xbjuZvSjSdR4GzY -&gt; No records found yet


https://dns.google.com/resolve?name=_acme-challenge.shefeekniyas.com&amp;type=TXT should return Ore1GiTkxilT14tEZt9KmXu6A5q8xbjuZvSjSdR4GzY -&gt; No records found yet


https://dns.google.com/resolve?name=_acme-challenge.shefeekniyas.com&amp;type=TXT should return Ore1GiTkxilT14tEZt9KmXu6A5q8xbjuZvSjSdR4GzY -&gt; No records found yet


https://dns.google.com/resolve?name=_acme-challenge.shefeekniyas.com&amp;type=TXT should return Ore1GiTkxilT14tEZt9KmXu6A5q8xbjuZvSjSdR4GzY -&gt; No records found yet


https://dns.google.com/resolve?name=_acme-challenge.shefeekniyas.com&amp;type=TXT should return Ore1GiTkxilT14tEZt9KmXu6A5q8xbjuZvSjSdR4GzY -&gt; No records found yet


https://dns.google.com/resolve?name=_acme-challenge.shefeekniyas.com&amp;type=TXT should return Ore1GiTkxilT14tEZt9KmXu6A5q8xbjuZvSjSdR4GzY -&gt; No records found yet


https://dns.google.com/resolve?name=_acme-challenge.shefeekniyas.com&amp;type=TXT should return Ore1GiTkxilT14tEZt9KmXu6A5q8xbjuZvSjSdR4GzY -&gt; No records found yet


https://dns.google.com/resolve?name=_acme-challenge.shefeekniyas.com&amp;type=TXT should return Ore1GiTkxilT14tEZt9KmXu6A5q8xbjuZvSjSdR4GzY -&gt; No records found yet


https://dns.google.com/resolve?name=_acme-challenge.shefeekniyas.com&amp;type=TXT should return Ore1GiTkxilT14tEZt9KmXu6A5q8xbjuZvSjSdR4GzY -&gt; No records found yet


https://dns.google.com/resolve?name=_acme-challenge.shefeekniyas.com&amp;type=TXT should return Ore1GiTkxilT14tEZt9KmXu6A5q8xbjuZvSjSdR4GzY -&gt; No records found yet


https://dns.google.com/resolve?name=_acme-challenge.shefeekniyas.com&amp;type=TXT should return Ore1GiTkxilT14tEZt9KmXu6A5q8xbjuZvSjSdR4GzY -&gt; No records found yet


https://dns.google.com/resolve?name=_acme-challenge.shefeekniyas.com&amp;type=TXT should return Ore1GiTkxilT14tEZt9KmXu6A5q8xbjuZvSjSdR4GzY -&gt; No records found yet


https://dns.google.com/resolve?name=_acme-challenge.shefeekniyas.com&amp;type=TXT should return Ore1GiTkxilT14tEZt9KmXu6A5q8xbjuZvSjSdR4GzY -&gt; No records found yet


https://dns.google.com/resolve?name=_acme-challenge.shefeekniyas.com&amp;type=TXT should return Ore1GiTkxilT14tEZt9KmXu6A5q8xbjuZvSjSdR4GzY -&gt; No records found yet


https://dns.google.com/resolve?name=_acme-challenge.shefeekniyas.com&amp;type=TXT should return Ore1GiTkxilT14tEZt9KmXu6A5q8xbjuZvSjSdR4GzY -&gt; No records found yet


https://dns.google.com/resolve?name=_acme-challenge.shefeekniyas.com&amp;type=TXT should return Ore1GiTkxilT14tEZt9KmXu6A5q8xbjuZvSjSdR4GzY -&gt; No records found yet


https://dns.google.com/resolve?name=_acme-challenge.shefeekniyas.com&amp;type=TXT should return Ore1GiTkxilT14tEZt9KmXu6A5q8xbjuZvSjSdR4GzY -&gt; No records found yet


https://dns.google.com/resolve?name=_acme-challenge.shefeekniyas.com&amp;type=TXT should return Ore1GiTkxilT14tEZt9KmXu6A5q8xbjuZvSjSdR4GzY -&gt; No records found yet


https://dns.google.com/resolve?name=_acme-challenge.shefeekniyas.com&amp;type=TXT should return Ore1GiTkxilT14tEZt9KmXu6A5q8xbjuZvSjSdR4GzY -&gt; No records found yet


https://dns.google.com/resolve?name=_acme-challenge.shefeekniyas.com&amp;type=TXT should return Ore1GiTkxilT14tEZt9KmXu6A5q8xbjuZvSjSdR4GzY -&gt; No records found yet


https://dns.google.com/resolve?name=_acme-challenge.shefeekniyas.com&amp;type=TXT should return Ore1GiTkxilT14tEZt9KmXu6A5q8xbjuZvSjSdR4GzY -&gt; No records found yet


https://dns.google.com/resolve?name=_acme-challenge.shefeekniyas.com&amp;type=TXT should return Ore1GiTkxilT14tEZt9KmXu6A5q8xbjuZvSjSdR4GzY -&gt; No records found yet


https://dns.google.com/resolve?name=_acme-challenge.shefeekniyas.com&amp;type=TXT should return Ore1GiTkxilT14tEZt9KmXu6A5q8xbjuZvSjSdR4GzY -&gt; OK

Local check - All DNS challenges verified

[12-06-2023 22:44:06] :
LEClient finished constructing

[12-06-2023 22:44:06] :
Order object is {"status":"pending","expires":"2023-06-19T22:33:57Z","identifiers":[{"type":"dns","value":"shefeekniyas.com"}],"authorizations":["https:\/\/acme-v02.api.letsencrypt.org\/acme\/authz-v3\/236283003367"],"finalize":"https:\/\/acme-v02.api.letsencrypt.org\/acme\/finalize\/1154527097\/188245928437"}

Starting DNS verification
Finalizing the order
[12-06-2023 22:44:18] :
Order for 'shefeekniyas.com' finalized.

Getting SSL certificates
[12-06-2023 22:44:18] :
Certificate for 'shefeekniyas.com' saved

<h2>SSL Certificate generated successfully!</h2>
